2025-10-09 11:52:11 [winston logger] [32minfo[39m: Server listening on port 5000
2025-10-09 11:54:11 [winston logger] [32minfo[39m: ✅ User created: samirshaikh.lwt@gmail.com
2025-10-09 11:58:28 [winston logger] [32minfo[39m: Server listening on port 5000
2025-10-09 12:20:51 [winston logger] [32minfo[39m: ✅ User created: samirshaikh.lwt@gmail.com
2025-10-09 12:24:52 [winston logger] [32minfo[39m: Server listening on port 5000
2025-10-09 12:24:56 [winston logger] [32minfo[39m: Server listening on port 5000
2025-10-09 12:26:06 [winston logger] [32minfo[39m: ✅ User logged in: samirshaikh.lwt@gmail.com
2025-10-09 12:27:31 [winston logger] [32minfo[39m: Server listening on port 5000
2025-10-09 12:28:27 [winston logger] [32minfo[39m: Server listening on port 5000
2025-10-09 12:29:10 [winston logger] [32minfo[39m: Server listening on port 5000
2025-10-09 12:29:47 [winston logger] [32minfo[39m: Server listening on port 5000
2025-10-09 12:29:50 [winston logger] [32minfo[39m: Server listening on port 5000
2025-10-09 12:30:32 [winston logger] [32minfo[39m: Server listening on port 5000
2025-10-09 12:30:40 [winston logger] [32minfo[39m: Server listening on port 5000
2025-10-09 12:31:08 [winston logger] [32minfo[39m: ✅ User logged out: c31b5dc6-25a1-4d29-ad50-387d9a5269c2
2025-10-09 12:31:13 [winston logger] [32minfo[39m: ✅ User logged out: c31b5dc6-25a1-4d29-ad50-387d9a5269c2
2025-10-09 12:31:36 [winston logger] [32minfo[39m: ✅ User created: samirshaikh.lwt@gmail.com
2025-10-09 12:32:49 [winston logger] [32minfo[39m: ✅ User logged in: samirshaikh.lwt@gmail.com
2025-10-09 12:36:07 [winston logger] [32minfo[39m: Server listening on port 5000
2025-10-09 12:36:11 [winston logger] [32minfo[39m: ✅ OTP sent to samirshaikh.lwt@gmail.com
2025-10-09 12:37:54 [winston logger] [32minfo[39m: Password reset successful for samirshaikh.lwt@gmail.com
2025-10-09 12:46:28 [winston logger] [32minfo[39m: Server listening on port 5000
2025-10-09 13:58:06 [winston logger] [32minfo[39m: Server listening on port 5000
2025-10-09 13:59:11 [winston logger] [32minfo[39m: Server listening on port 5000
2025-10-09 13:59:53 [winston logger] [32minfo[39m: Server listening on port 5000
2025-10-09 14:00:32 [winston logger] [32minfo[39m: Server listening on port 5000
2025-10-09 14:01:38 [winston logger] [32minfo[39m: Server listening on port 5000
2025-10-09 14:01:45 [winston logger] [32minfo[39m: Server listening on port 5000
2025-10-09 14:02:26 [winston logger] [32minfo[39m: Server listening on port 5000
2025-10-09 14:02:30 [winston logger] [32minfo[39m: Server listening on port 5000
2025-10-09 14:03:14 [winston logger] [32minfo[39m: Server listening on port 5000
